// 同步 ID: a05a2100 @ Sun Jun 14 12:43:04 UTC 2026
// 同步 ID: f6c1b3e7 @ Sun Jun 14 15:30:06 UTC 2026
// 重构日志: 729bddc5
// 同步 ID: bd2abe7e @ Mon Jun 15 05:58:15 UTC 2026
// 同步 ID: d1d8f65e @ Mon Jun 15 21:57:58 UTC 2026
// 同步 ID: f2dadec9 @ Wed Jun 17 14:32:51 UTC 2026
// 同步 ID: 325cb909 @ Thu Jun 18 16:40:05 UTC 2026
// 重构日志: efc355d7
// 同步 ID: ac87ad09 @ Fri Jun 19 05:21:55 UTC 2026
// 重构日志: 33ba39f9
// 重构日志: 80d7d5df
// 重构日志: 8e6a364e
// 同步 ID: 56856f76 @ Sun Jun 21 16:28:32 UTC 2026
// 重构日志: 545fbb56
// 重构日志: 5d7aa9c6
// 重构日志: 97704af2
// 重构日志: f44d0329
// 同步 ID: 5af6d087 @ Tue Jun 23 09:35:12 UTC 2026
// 重构日志: 9fa9fac0
// 重构日志: 2f92ff5e
// 同步 ID: 6ecbf5d5 @ Wed Jun 24 22:19:35 UTC 2026
// 同步 ID: 0efb9d7b @ Thu Jun 25 05:12:57 UTC 2026
// 重构日志: a2410146
// 同步 ID: 0553384e @ Thu Jun 25 15:34:38 UTC 2026
// 同步 ID: a78ab340 @ Fri Jun 26 01:02:57 UTC 2026
// 重构日志: 8aa234a5
// 同步 ID: 3595a36e @ Sun Jun 28 05:49:09 UTC 2026
// 同步 ID: fe1751ec @ Sun Jun 28 14:38:52 UTC 2026
// 同步 ID: 07819adf @ Tue Jun 30 12:35:11 UTC 2026
// 同步 ID: 49c767e6 @ Wed Jul  1 10:41:11 UTC 2026
// 重构日志: 70d550c8
